<?xml version="1.0" encoding="UTF-8"?>
<testng-results total="1" passed="1" failed="0" skipped="0">
  <reporter-output>
  </reporter-output>
  <suite started-at="2020-04-18T21:27:02Z" name="Command line suite" finished-at="2020-04-18T21:27:02Z" duration-ms="55">
    <groups>
    </groups>
    <test started-at="2020-04-18T21:27:02Z" name="Command line test" finished-at="2020-04-18T21:27:02Z" duration-ms="55">
      <class name="gid.artid.AppTest">
        <test-method signature="testApp()[pri:0, instance:testApp(gid.artid.AppTest)]" started-at="2020-04-19T02:57:02Z" name="testApp" finished-at="2020-04-19T02:57:02Z" duration-ms="9" status="PASS">
          <reporter-output>
          </reporter-output>
        </test-method> <!-- testApp -->
      </class> <!-- gid.artid.AppTest -->
    </test> <!-- Command line test -->
  </suite> <!-- Command line suite -->
</testng-results>
