<?xml version="1.0" encoding="UTF-8"?>
<testng-results total="1" passed="1" failed="0" skipped="0">
  <reporter-output>
  </reporter-output>
  <suite started-at="2020-04-18T21:27:01Z" name="Command line suite" finished-at="2020-04-18T21:27:01Z" duration-ms="54">
    <groups>
    </groups>
    <test started-at="2020-04-18T21:27:01Z" name="Command line test" finished-at="2020-04-18T21:27:01Z" duration-ms="54">
      <class name="gid.artid.NewTest">
        <test-method signature="pkkakkat()[pri:0, instance:gid.artid.NewTest@35047d03]" started-at="2020-04-19T02:57:01Z" name="pkkakkat" finished-at="2020-04-19T02:57:01Z" duration-ms="22" status="PASS">
          <reporter-output>
          </reporter-output>
        </test-method> <!-- pkkakkat -->
      </class> <!-- gid.artid.NewTest -->
    </test> <!-- Command line test -->
  </suite> <!-- Command line suite -->
</testng-results>
