<?xml version="1.0" encoding="UTF-8"?>
<testng-results ignored="0" total="3" passed="3" failed="0" skipped="0">
  <reporter-output>
  </reporter-output>
  <suite started-at="2020-04-17T11:03:49Z" name="Suitea" finished-at="2020-04-17T11:03:49Z" duration-ms="322">
    <groups>
      <group name="aaa">
        <method signature="NewTest.fa()[pri:0, instance:gid.artid.NewTest@7c24b813]" name="fa" class="gid.artid.NewTest"/>
      </group> <!-- aaa -->
      <group name="bbb">
        <method signature="NewTest.f(java.lang.String, int)[pri:0, instance:gid.artid.NewTest@7c24b813]" name="f" class="gid.artid.NewTest"/>
      </group> <!-- bbb -->
    </groups>
    <test started-at="2020-04-17T11:03:49Z" name="Test" finished-at="2020-04-17T11:03:49Z" duration-ms="322">
      <class name="gid.artid.NewTest">
        <test-method signature="f(java.lang.String, int)[pri:0, instance:gid.artid.NewTest@7c24b813]" started-at="2020-04-17T11:03:49Z" name="f" data-provider="a" finished-at="2020-04-17T11:03:49Z" duration-ms="51" status="PASS">
          <params>
            <param index="0">
              <value>
                <![CDATA[a]]>
              </value>
            </param>
            <param index="1">
              <value>
                <![CDATA[1]]>
              </value>
            </param>
          </params>
          <reporter-output>
          </reporter-output>
        </test-method> <!-- f -->
        <test-method signature="f(java.lang.String, int)[pri:0, instance:gid.artid.NewTest@7c24b813]" started-at="2020-04-17T11:03:49Z" name="f" data-provider="a" finished-at="2020-04-17T11:03:49Z" duration-ms="5" status="PASS">
          <params>
            <param index="0">
              <value>
                <![CDATA[aaa]]>
              </value>
            </param>
            <param index="1">
              <value>
                <![CDATA[5]]>
              </value>
            </param>
          </params>
          <reporter-output>
          </reporter-output>
        </test-method> <!-- f -->
        <test-method signature="fa()[pri:0, instance:gid.artid.NewTest@7c24b813]" started-at="2020-04-17T11:03:49Z" name="fa" finished-at="2020-04-17T11:03:49Z" duration-ms="9" status="PASS">
          <reporter-output>
          </reporter-output>
        </test-method> <!-- fa -->
      </class> <!-- gid.artid.NewTest -->
    </test> <!-- Test -->
  </suite> <!-- Suitea -->
</testng-results>
